# JRE version: OpenJDK Runtime Environment (21.0.5) (build 21.0.5+-12932927-b750.29)
# Java VM: OpenJDK 64-Bit Server VM (21.0.5+-12932927-b750.29, mixed mode, tiered, compressed oops, compressed class ptrs, g1 gc, windows-amd64)
GC Precious Log:
 CardTable entry size: 512
 Card Set container configuration: InlinePtr #cards 5 size 8 Array Of Cards #cards 12 size 40 Howl #buckets 4 coarsen threshold 1843 Howl Bitmap #cards 512 size 80 coarsen threshold 460 Card regions per heap region 1 cards per card region 2048
 CPUs: 4 total, 4 available
 Memory: 5005M
 Large Page Support: Disabled
 NUMA Support: Disabled
 Compressed Oops: Enabled (32-bit)
 Heap Region Size: 1M
 Heap Min Capacity: 8M
 Heap Initial Capacity: 80M
 Heap Max Capacity: 2G
 Pre-touch: Disabled
 Parallel Workers: 4
 Concurrent Workers: 1
 Concurrent Refinement Workers: 4
 Periodic GC: Disabled
Heap:
 garbage-first heap   total 311296K, used 181626K [0x0000000080000000, 0x0000000100000000)
  region size 1024K, 86 young (88064K), 3 survivors (3072K)
 Metaspace       used 148602K, committed 153472K, reserved 1245184K
  class space    used 19712K, committed 21568K, reserved 1048576K
GC Heap History (20 events):
Event: 444.574 GC heap before
{Heap before GC invocations=61 (full 0):
 garbage-first heap   total 570368K, used 208262K [0x0000000080000000, 0x0000000100000000)
  region size 1024K, 27 young (27648K), 3 survivors (3072K)
 Metaspace       used 133152K, committed 135488K, reserved 1179648K
  class space    used 17769K, committed 19008K, reserved 1048576K
}
Event: 444.659 GC heap after
{Heap after GC invocations=62 (full 0):
 garbage-first heap   total 570368K, used 184097K [0x0000000080000000, 0x0000000100000000)
  region size 1024K, 4 young (4096K), 4 survivors (4096K)
 Metaspace       used 133152K, committed 135488K, reserved 1179648K
  class space    used 17769K, committed 19008K, reserved 1048576K
}
Event: 446.504 GC heap before
{Heap before GC invocations=62 (full 0):
 garbage-first heap   total 570368K, used 206625K [0x0000000080000000, 0x0000000100000000)
  region size 1024K, 27 young (27648K), 4 survivors (4096K)
 Metaspace       used 135737K, committed 138176K, reserved 1179648K
  class space    used 18136K, committed 19392K, reserved 1048576K
}
Event: 446.522 GC heap after
{Heap after GC invocations=63 (full 0):
 garbage-first heap   total 570368K, used 186714K [0x0000000080000000, 0x0000000100000000)
  region size 1024K, 4 young (4096K), 4 survivors (4096K)
 Metaspace       used 135737K, committed 138176K, reserved 1179648K
  class space    used 18136K, committed 19392K, reserved 1048576K
}
Event: 450.144 GC heap before
{Heap before GC invocations=63 (full 0):
 garbage-first heap   total 570368K, used 228698K [0x0000000080000000, 0x0000000100000000)
  region size 1024K, 46 young (47104K), 4 survivors (4096K)
 Metaspace       used 140284K, committed 142720K, reserved 1179648K
  class space    used 18777K, committed 20032K, reserved 1048576K
}
Event: 450.207 GC heap after
{Heap after GC invocations=64 (full 0):
 garbage-first heap   total 570368K, used 191008K [0x0000000080000000, 0x0000000100000000)
  region size 1024K, 6 young (6144K), 6 survivors (6144K)
 Metaspace       used 140284K, committed 142720K, reserved 1179648K
  class space    used 18777K, committed 20032K, reserved 1048576K
}
Event: 451.983 GC heap before
{Heap before GC invocations=64 (full 0):
 garbage-first heap   total 570368K, used 221728K [0x0000000080000000, 0x0000000100000000)
  region size 1024K, 37 young (37888K), 6 survivors (6144K)
 Metaspace       used 143816K, committed 146176K, reserved 1179648K
  class space    used 19282K, committed 20480K, reserved 1048576K
}
Event: 452.042 GC heap after
{Heap after GC invocations=65 (full 0):
 garbage-first heap   total 570368K, used 193281K [0x0000000080000000, 0x0000000100000000)
  region size 1024K, 2 young (2048K), 2 survivors (2048K)
 Metaspace       used 143816K, committed 146176K, reserved 1179648K
  class space    used 19282K, committed 20480K, reserved 1048576K
}
Event: 457.749 GC heap before
{Heap before GC invocations=65 (full 0):
 garbage-first heap   total 570368K, used 267009K [0x0000000080000000, 0x0000000100000000)
  region size 1024K, 74 young (75776K), 2 survivors (2048K)
 Metaspace       used 147539K, committed 149952K, reserved 1179648K
  class space    used 19755K, committed 20992K, reserved 1048576K
}
Event: 457.809 GC heap after
{Heap after GC invocations=66 (full 0):
 garbage-first heap   total 570368K, used 196714K [0x0000000080000000, 0x0000000100000000)
  region size 1024K, 6 young (6144K), 6 survivors (6144K)
 Metaspace       used 147539K, committed 149952K, reserved 1179648K
  class space    used 19755K, committed 20992K, reserved 1048576K
}
Event: 458.388 GC heap before
{Heap before GC invocations=66 (full 0):
 garbage-first heap   total 570368K, used 226410K [0x0000000080000000, 0x0000000100000000)
  region size 1024K, 36 young (36864K), 6 survivors (6144K)
 Metaspace       used 149087K, committed 151424K, reserved 1179648K
  class space    used 20099K, committed 21312K, reserved 1048576K
}
Event: 458.465 GC heap after
{Heap after GC invocations=67 (full 0):
 garbage-first heap   total 570368K, used 193940K [0x0000000080000000, 0x0000000100000000)
  region size 1024K, 3 young (3072K), 3 survivors (3072K)
 Metaspace       used 149087K, committed 151424K, reserved 1179648K
  class space    used 20099K, committed 21312K, reserved 1048576K
}
Event: 2763.431 GC heap before
{Heap before GC invocations=68 (full 0):
 garbage-first heap   total 570368K, used 297364K [0x0000000080000000, 0x0000000100000000)
  region size 1024K, 88 young (90112K), 3 survivors (3072K)
 Metaspace       used 150912K, committed 153344K, reserved 1245184K
  class space    used 20321K, committed 21568K, reserved 1048576K
}
Event: 2764.042 GC heap after
{Heap after GC invocations=69 (full 0):
 garbage-first heap   total 570368K, used 182145K [0x0000000080000000, 0x0000000100000000)
  region size 1024K, 3 young (3072K), 3 survivors (3072K)
 Metaspace       used 150912K, committed 153344K, reserved 1245184K
  class space    used 20321K, committed 21568K, reserved 1048576K
}
Event: 4071.616 GC heap before
{Heap before GC invocations=69 (full 0):
 garbage-first heap   total 570368K, used 208769K [0x0000000080000000, 0x0000000100000000)
  region size 1024K, 30 young (30720K), 3 survivors (3072K)
 Metaspace       used 150937K, committed 153408K, reserved 1245184K
  class space    used 20322K, committed 21568K, reserved 1048576K
}
Event: 4077.631 GC heap after
{Heap after GC invocations=70 (full 1):
 garbage-first heap   total 311296K, used 91487K [0x0000000080000000, 0x0000000100000000)
  region size 1024K, 0 young (0K), 0 survivors (0K)
 Metaspace       used 147308K, committed 153408K, reserved 1245184K
  class space    used 19498K, committed 21568K, reserved 1048576K
}
Event: 4584.231 GC heap before
{Heap before GC invocations=70 (full 1):
 garbage-first heap   total 311296K, used 134495K [0x0000000080000000, 0x0000000100000000)
  region size 1024K, 42 young (43008K), 0 survivors (0K)
 Metaspace       used 148081K, committed 153408K, reserved 1245184K
  class space    used 19659K, committed 21568K, reserved 1048576K
}
Event: 4584.432 GC heap after
{Heap after GC invocations=71 (full 1):
 garbage-first heap   total 311296K, used 93857K [0x0000000080000000, 0x0000000100000000)
  region size 1024K, 3 young (3072K), 3 survivors (3072K)
 Metaspace       used 148081K, committed 153408K, reserved 1245184K
  class space    used 19659K, committed 21568K, reserved 1048576K
}
Event: 4587.869 GC heap before
{Heap before GC invocations=72 (full 1):
 garbage-first heap   total 311296K, used 118433K [0x0000000080000000, 0x0000000100000000)
  region size 1024K, 27 young (27648K), 3 survivors (3072K)
 Metaspace       used 148188K, committed 153472K, reserved 1245184K
  class space    used 19667K, committed 21568K, reserved 1048576K
}
Event: 4587.912 GC heap after
{Heap after GC invocations=73 (full 1):
 garbage-first heap   total 311296K, used 96634K [0x0000000080000000, 0x0000000100000000)
  region size 1024K, 3 young (3072K), 3 survivors (3072K)
 Metaspace       used 148188K, committed 153472K, reserved 1245184K
  class space    used 19667K, committed 21568K, reserved 1048576K
}

